# JRE version: OpenJDK Runtime Environment (8.0_112-b06) (build 1.8.0_112-release-b06)
# Java VM: OpenJDK 64-Bit Server VM (25.112-b06 mixed mode windows-amd64 compressed oops)
Heap:
 PSYoungGen      total 143360K, used 10563K [0x00000000e0000000, 0x00000000ec880000, 0x0000000100000000)
  eden space 142848K, 7% used [0x00000000e0000000,0x00000000e0a50e90,0x00000000e8b80000)
  from space 512K, 0% used [0x00000000ec800000,0x00000000ec800000,0x00000000ec880000)
  to   space 13824K, 0% used [0x00000000ead80000,0x00000000ead80000,0x00000000ebb00000)
 ParOldGen       total 89600K, used 13075K [0x00000000a0000000, 0x00000000a5780000, 0x00000000e0000000)
  object space 89600K, 14% used [0x00000000a0000000,0x00000000a0cc4d80,0x00000000a5780000)
 Metaspace       used 28472K, capacity 28856K, committed 29440K, reserved 1077248K
  class space    used 3886K, capacity 4004K, committed 4096K, reserved 1048576K
GC Heap History (10 events):
Event: 17.531 GC heap before
{Heap before GC invocations=6 (full 2):
 PSYoungGen      total 139776K, used 8189K [0x00000000e0000000, 0x00000000ed000000, 0x0000000100000000)
  eden space 131584K, 0% used [0x00000000e0000000,0x00000000e0000000,0x00000000e8080000)
  from space 8192K, 99% used [0x00000000ec800000,0x00000000ecfff4e0,0x00000000ed000000)
  to   space 8192K, 0% used [0x00000000ec000000,0x00000000ec000000,0x00000000ec800000)
 ParOldGen       total 89600K, used 10673K [0x00000000a0000000, 0x00000000a5780000, 0x00000000e0000000)
  object space 89600K, 11% used [0x00000000a0000000,0x00000000a0a6c648,0x00000000a5780000)
 Metaspace       used 28361K, capacity 28780K, committed 28928K, reserved 1079296K
  class space    used 3901K, capacity 4049K, committed 4096K, reserved 1048576K
Event: 17.621 GC heap after
Heap after GC invocations=6 (full 2):
 PSYoungGen      total 139776K, used 0K [0x00000000e0000000, 0x00000000ed000000, 0x0000000100000000)
  eden space 131584K, 0% used [0x00000000e0000000,0x00000000e0000000,0x00000000e8080000)
  from space 8192K, 0% used [0x00000000ec800000,0x00000000ec800000,0x00000000ed000000)
  to   space 8192K, 0% used [0x00000000ec000000,0x00000000ec000000,0x00000000ec800000)
 ParOldGen       total 89600K, used 15629K [0x00000000a0000000, 0x00000000a5780000, 0x00000000e0000000)
  object space 89600K, 17% used [0x00000000a0000000,0x00000000a0f43570,0x00000000a5780000)
 Metaspace       used 28361K, capacity 28780K, committed 28928K, reserved 1077248K
  class space    used 3901K, capacity 4049K, committed 4096K, reserved 1048576K
}
Event: 17.621 GC heap before
{Heap before GC invocations=7 (full 2):
 PSYoungGen      total 139776K, used 0K [0x00000000e0000000, 0x00000000ed000000, 0x0000000100000000)
  eden space 131584K, 0% used [0x00000000e0000000,0x00000000e0000000,0x00000000e8080000)
  from space 8192K, 0% used [0x00000000ec800000,0x00000000ec800000,0x00000000ed000000)
  to   space 8192K, 0% used [0x00000000ec000000,0x00000000ec000000,0x00000000ec800000)
 ParOldGen       total 89600K, used 15629K [0x00000000a0000000, 0x00000000a5780000, 0x00000000e0000000)
  object space 89600K, 17% used [0x00000000a0000000,0x00000000a0f43570,0x00000000a5780000)
 Metaspace       used 28361K, capacity 28780K, committed 28928K, reserved 1081344K
  class space    used 3901K, capacity 4049K, committed 4096K, reserved 1048576K
Event: 17.623 GC heap after
Heap after GC invocations=7 (full 2):
 PSYoungGen      total 139776K, used 0K [0x00000000e0000000, 0x00000000ed000000, 0x0000000100000000)
  eden space 131584K, 0% used [0x00000000e0000000,0x00000000e0000000,0x00000000e8080000)
  from space 8192K, 0% used [0x00000000ec000000,0x00000000ec000000,0x00000000ec800000)
  to   space 8192K, 0% used [0x00000000ec800000,0x00000000ec800000,0x00000000ed000000)
 ParOldGen       total 89600K, used 15629K [0x00000000a0000000, 0x00000000a5780000, 0x00000000e0000000)
  object space 89600K, 17% used [0x00000000a0000000,0x00000000a0f43570,0x00000000a5780000)
 Metaspace       used 28361K, capacity 28780K, committed 28928K, reserved 1081344K
  class space    used 3901K, capacity 4049K, committed 4096K, reserved 1048576K
}
Event: 17.623 GC heap before
{Heap before GC invocations=8 (full 3):
 PSYoungGen      total 139776K, used 0K [0x00000000e0000000, 0x00000000ed000000, 0x0000000100000000)
  eden space 131584K, 0% used [0x00000000e0000000,0x00000000e0000000,0x00000000e8080000)
  from space 8192K, 0% used [0x00000000ec000000,0x00000000ec000000,0x00000000ec800000)
  to   space 8192K, 0% used [0x00000000ec800000,0x00000000ec800000,0x00000000ed000000)
 ParOldGen       total 89600K, used 15629K [0x00000000a0000000, 0x00000000a5780000, 0x00000000e0000000)
  object space 89600K, 17% used [0x00000000a0000000,0x00000000a0f43570,0x00000000a5780000)
 Metaspace       used 28361K, capacity 28780K, committed 28928K, reserved 1081344K
  class space    used 3901K, capacity 4049K, committed 4096K, reserved 1048576K
Event: 17.719 GC heap after
Heap after GC invocations=8 (full 3):
 PSYoungGen      total 139776K, used 0K [0x00000000e0000000, 0x00000000ed000000, 0x0000000100000000)
  eden space 131584K, 0% used [0x00000000e0000000,0x00000000e0000000,0x00000000e8080000)
  from space 8192K, 0% used [0x00000000ec000000,0x00000000ec000000,0x00000000ec800000)
  to   space 8192K, 0% used [0x00000000ec800000,0x00000000ec800000,0x00000000ed000000)
 ParOldGen       total 89600K, used 13687K [0x00000000a0000000, 0x00000000a5780000, 0x00000000e0000000)
  object space 89600K, 15% used [0x00000000a0000000,0x00000000a0d5dcb8,0x00000000a5780000)
 Metaspace       used 28210K, capacity 28536K, committed 28928K, reserved 1077248K
  class space    used 3877K, capacity 4004K, committed 4096K, reserved 1048576K
}
Event: 17.722 GC heap before
{Heap before GC invocations=9 (full 3):
 PSYoungGen      total 139776K, used 2685K [0x00000000e0000000, 0x00000000ed000000, 0x0000000100000000)
  eden space 131584K, 2% used [0x00000000e0000000,0x00000000e029f598,0x00000000e8080000)
  from space 8192K, 0% used [0x00000000ec000000,0x00000000ec000000,0x00000000ec800000)
  to   space 8192K, 0% used [0x00000000ec800000,0x00000000ec800000,0x00000000ed000000)
 ParOldGen       total 89600K, used 13687K [0x00000000a0000000, 0x00000000a5780000, 0x00000000e0000000)
  object space 89600K, 15% used [0x00000000a0000000,0x00000000a0d5dcb8,0x00000000a5780000)
 Metaspace       used 28210K, capacity 28536K, committed 28928K, reserved 1083392K
  class space    used 3877K, capacity 4004K, committed 4096K, reserved 1048576K
Event: 17.726 GC heap after
Heap after GC invocations=9 (full 3):
 PSYoungGen      total 143360K, used 32K [0x00000000e0000000, 0x00000000ec880000, 0x0000000100000000)
  eden space 142848K, 0% used [0x00000000e0000000,0x00000000e0000000,0x00000000e8b80000)
  from space 512K, 6% used [0x00000000ec800000,0x00000000ec808000,0x00000000ec880000)
  to   space 13824K, 0% used [0x00000000ead80000,0x00000000ead80000,0x00000000ebb00000)
 ParOldGen       total 89600K, used 13687K [0x00000000a0000000, 0x00000000a5780000, 0x00000000e0000000)
  object space 89600K, 15% used [0x00000000a0000000,0x00000000a0d5dcb8,0x00000000a5780000)
 Metaspace       used 28210K, capacity 28536K, committed 28928K, reserved 1083392K
  class space    used 3877K, capacity 4004K, committed 4096K, reserved 1048576K
}
Event: 17.726 GC heap before
{Heap before GC invocations=10 (full 4):
 PSYoungGen      total 143360K, used 32K [0x00000000e0000000, 0x00000000ec880000, 0x0000000100000000)
  eden space 142848K, 0% used [0x00000000e0000000,0x00000000e0000000,0x00000000e8b80000)
  from space 512K, 6% used [0x00000000ec800000,0x00000000ec808000,0x00000000ec880000)
  to   space 13824K, 0% used [0x00000000ead80000,0x00000000ead80000,0x00000000ebb00000)
 ParOldGen       total 89600K, used 13687K [0x00000000a0000000, 0x00000000a5780000, 0x00000000e0000000)
  object space 89600K, 15% used [0x00000000a0000000,0x00000000a0d5dcb8,0x00000000a5780000)
 Metaspace       used 28210K, capacity 28536K, committed 28928K, reserved 1083392K
  class space    used 3877K, capacity 4004K, committed 4096K, reserved 1048576K
Event: 17.786 GC heap after
Heap after GC invocations=10 (full 4):
 PSYoungGen      total 143360K, used 0K [0x00000000e0000000, 0x00000000ec880000, 0x0000000100000000)
  eden space 142848K, 0% used [0x00000000e0000000,0x00000000e0000000,0x00000000e8b80000)
  from space 512K, 0% used [0x00000000ec800000,0x00000000ec800000,0x00000000ec880000)
  to   space 13824K, 0% used [0x00000000ead80000,0x00000000ead80000,0x00000000ebb00000)
 ParOldGen       total 89600K, used 13075K [0x00000000a0000000, 0x00000000a5780000, 0x00000000e0000000)
  object space 89600K, 14% used [0x00000000a0000000,0x00000000a0cc4d80,0x00000000a5780000)
 Metaspace       used 28210K, capacity 28536K, committed 28928K, reserved 1077248K
  class space    used 3877K, capacity 4004K, committed 4096K, reserved 1048576K
}

