# JRE version: OpenJDK Runtime Environment (8.0_112-b06) (build 1.8.0_112-release-b06)
# Java VM: OpenJDK 64-Bit Server VM (25.112-b06 mixed mode windows-amd64 compressed oops)
Heap:
 PSYoungGen      total 106496K, used 8173K [0x00000000e0000000, 0x00000000ed000000, 0x0000000100000000)
  eden space 98304K, 0% used [0x00000000e0000000,0x00000000e0000000,0x00000000e6000000)
  from space 8192K, 99% used [0x00000000e6000000,0x00000000e67fb4a0,0x00000000e6800000)
  to   space 8192K, 0% used [0x00000000ec800000,0x00000000ec800000,0x00000000ed000000)
 ParOldGen       total 131072K, used 1807K [0x00000000a0000000, 0x00000000a8000000, 0x00000000e0000000)
  object space 131072K, 1% used [0x00000000a0000000,0x00000000a01c3e18,0x00000000a8000000)
 Metaspace       used 20832K, capacity 21112K, committed 21296K, reserved 1067008K
  class space    used 2759K, capacity 2869K, committed 2944K, reserved 1048576K
GC Heap History (7 events):
Event: 4.331 GC heap before
{Heap before GC invocations=1 (full 0):
 PSYoungGen      total 57344K, used 49152K [0x00000000e0000000, 0x00000000e4000000, 0x0000000100000000)
  eden space 49152K, 100% used [0x00000000e0000000,0x00000000e3000000,0x00000000e3000000)
  from space 8192K, 0% used [0x00000000e3800000,0x00000000e3800000,0x00000000e4000000)
  to   space 8192K, 0% used [0x00000000e3000000,0x00000000e3000000,0x00000000e3800000)
 ParOldGen       total 131072K, used 0K [0x00000000a0000000, 0x00000000a8000000, 0x00000000e0000000)
  object space 131072K, 0% used [0x00000000a0000000,0x00000000a0000000,0x00000000a8000000)
 Metaspace       used 8840K, capacity 9042K, committed 9216K, reserved 1056768K
  class space    used 1141K, capacity 1221K, committed 1280K, reserved 1048576K
Event: 4.703 GC heap after
Heap after GC invocations=1 (full 0):
 PSYoungGen      total 57344K, used 6264K [0x00000000e0000000, 0x00000000e7000000, 0x0000000100000000)
  eden space 49152K, 0% used [0x00000000e0000000,0x00000000e0000000,0x00000000e3000000)
  from space 8192K, 76% used [0x00000000e3000000,0x00000000e361e090,0x00000000e3800000)
  to   space 8192K, 0% used [0x00000000e6800000,0x00000000e6800000,0x00000000e7000000)
 ParOldGen       total 131072K, used 8K [0x00000000a0000000, 0x00000000a8000000, 0x00000000e0000000)
  object space 131072K, 0% used [0x00000000a0000000,0x00000000a0002000,0x00000000a8000000)
 Metaspace       used 8840K, capacity 9042K, committed 9216K, reserved 1056768K
  class space    used 1141K, capacity 1221K, committed 1280K, reserved 1048576K
}
Event: 10.262 GC heap before
{Heap before GC invocations=2 (full 0):
 PSYoungGen      total 57344K, used 55416K [0x00000000e0000000, 0x00000000e7000000, 0x0000000100000000)
  eden space 49152K, 100% used [0x00000000e0000000,0x00000000e3000000,0x00000000e3000000)
  from space 8192K, 76% used [0x00000000e3000000,0x00000000e361e090,0x00000000e3800000)
  to   space 8192K, 0% used [0x00000000e6800000,0x00000000e6800000,0x00000000e7000000)
 ParOldGen       total 131072K, used 8K [0x00000000a0000000, 0x00000000a8000000, 0x00000000e0000000)
  object space 131072K, 0% used [0x00000000a0000000,0x00000000a0002000,0x00000000a8000000)
 Metaspace       used 16402K, capacity 16716K, committed 17024K, reserved 1064960K
  class space    used 2286K, capacity 2385K, committed 2432K, reserved 1048576K
Event: 10.328 GC heap after
Heap after GC invocations=2 (full 0):
 PSYoungGen      total 106496K, used 8166K [0x00000000e0000000, 0x00000000e7000000, 0x0000000100000000)
  eden space 98304K, 0% used [0x00000000e0000000,0x00000000e0000000,0x00000000e6000000)
  from space 8192K, 99% used [0x00000000e6800000,0x00000000e6ff9898,0x00000000e7000000)
  to   space 8192K, 0% used [0x00000000e6000000,0x00000000e6000000,0x00000000e6800000)
 ParOldGen       total 131072K, used 709K [0x00000000a0000000, 0x00000000a8000000, 0x00000000e0000000)
  object space 131072K, 0% used [0x00000000a0000000,0x00000000a00b15b8,0x00000000a8000000)
 Metaspace       used 16402K, capacity 16716K, committed 17024K, reserved 1064960K
  class space    used 2286K, capacity 2385K, committed 2432K, reserved 1048576K
}
Event: 11.355 GC heap before
{Heap before GC invocations=3 (full 0):
 PSYoungGen      total 106496K, used 31332K [0x00000000e0000000, 0x00000000e7000000, 0x0000000100000000)
  eden space 98304K, 23% used [0x00000000e0000000,0x00000000e169f9d0,0x00000000e6000000)
  from space 8192K, 99% used [0x00000000e6800000,0x00000000e6ff9898,0x00000000e7000000)
  to   space 8192K, 0% used [0x00000000e6000000,0x00000000e6000000,0x00000000e6800000)
 ParOldGen       total 131072K, used 709K [0x00000000a0000000, 0x00000000a8000000, 0x00000000e0000000)
  object space 131072K, 0% used [0x00000000a0000000,0x00000000a00b15b8,0x00000000a8000000)
 Metaspace       used 20832K, capacity 21112K, committed 21296K, reserved 1067008K
  class space    used 2759K, capacity 2869K, committed 2944K, reserved 1048576K
Event: 11.689 GC heap after
Heap after GC invocations=3 (full 0):
 PSYoungGen      total 106496K, used 8173K [0x00000000e0000000, 0x00000000ed000000, 0x0000000100000000)
  eden space 98304K, 0% used [0x00000000e0000000,0x00000000e0000000,0x00000000e6000000)
  from space 8192K, 99% used [0x00000000e6000000,0x00000000e67fb4a0,0x00000000e6800000)
  to   space 8192K, 0% used [0x00000000ec800000,0x00000000ec800000,0x00000000ed000000)
 ParOldGen       total 131072K, used 1807K [0x00000000a0000000, 0x00000000a8000000, 0x00000000e0000000)
  object space 131072K, 1% used [0x00000000a0000000,0x00000000a01c3e18,0x00000000a8000000)
 Metaspace       used 20832K, capacity 21112K, committed 21296K, reserved 1067008K
  class space    used 2759K, capacity 2869K, committed 2944K, reserved 1048576K
}
Event: 11.689 GC heap before
{Heap before GC invocations=4 (full 1):
 PSYoungGen      total 106496K, used 8173K [0x00000000e0000000, 0x00000000ed000000, 0x0000000100000000)
  eden space 98304K, 0% used [0x00000000e0000000,0x00000000e0000000,0x00000000e6000000)
  from space 8192K, 99% used [0x00000000e6000000,0x00000000e67fb4a0,0x00000000e6800000)
  to   space 8192K, 0% used [0x00000000ec800000,0x00000000ec800000,0x00000000ed000000)
 ParOldGen       total 131072K, used 1807K [0x00000000a0000000, 0x00000000a8000000, 0x00000000e0000000)
  object space 131072K, 1% used [0x00000000a0000000,0x00000000a01c3e18,0x00000000a8000000)
 Metaspace       used 20832K, capacity 21112K, committed 21296K, reserved 1067008K
  class space    used 2759K, capacity 2869K, committed 2944K, reserved 1048576K

